<?xml version="1.0" encoding="UTF-8"?>
<testsuite xmlns:xsi="http://www.w3.org/2001/XMLSchema-instance" xsi:noNamespaceSchemaLocation="https://maven.apache.org/surefire/maven-surefire-plugin/xsd/surefire-test-report-3.0.xsd" version="3.0" name="com.project.service.CsvReaderServiceTest" time="0.014" tests="9" errors="0" skipped="0" failures="0">
  <properties>
[...]
</properties>
  <testcase name="readIdentifiers_mapsIdToSymbol(Path)" classname="com.project.service.CsvReaderServiceTest" time="0.004"/>
  <testcase name="normaliseId_stripsCommas" classname="com.project.service.CsvReaderServiceTest" time="0.001"/>
  <testcase name="read_handlesQuotedIdWithCommas(Path)" classname="com.project.service.CsvReaderServiceTest" time="0.002">
    <system-out><![CDATA[00:54:38.789 [main] INFO  c.project.service.CsvReaderService - Loaded 1 stock identifiers from stock_identifiers.csv
00:54:38.790 [main] INFO  c.project.service.CsvReaderService - Loaded 1 price records from stock_prices.csv
]]></system-out>
  </testcase>
  <testcase name="read_returnsSortedRecords(Path)" classname="com.project.service.CsvReaderServiceTest" time="0.001">
    <system-out><![CDATA[00:54:38.791 [main] INFO  c.project.service.CsvReaderService - Loaded 1 stock identifiers from stock_identifiers.csv
00:54:38.792 [main] INFO  c.project.service.CsvReaderService - Loaded 2 price records from stock_prices.csv
]]></system-out>
  </testcase>
  <testcase name="read_skipsUnknownId(Path)" classname="com.project.service.CsvReaderServiceTest" time="0.001">
    <system-out><![CDATA[00:54:38.793 [main] INFO  c.project.service.CsvReaderService - Loaded 1 stock identifiers from stock_identifiers.csv
00:54:38.793 [main] WARN  c.project.service.CsvReaderService - Skipped 1 malformed or unresolvable price rows.
00:54:38.793 [main] INFO  c.project.service.CsvReaderService - Loaded 1 price records from stock_prices.csv
]]></system-out>
  </testcase>
  <testcase name="read_throwsWhenEmpty(Path)" classname="com.project.service.CsvReaderServiceTest" time="0.001">
    <system-out><![CDATA[00:54:38.794 [main] INFO  c.project.service.CsvReaderService - Loaded 0 stock identifiers from stock_identifiers.csv
00:54:38.794 [main] WARN  c.project.service.CsvReaderService - Skipped 1 malformed or unresolvable price rows.
00:54:38.794 [main] INFO  c.project.service.CsvReaderService - Loaded 0 price records from stock_prices.csv
]]></system-out>
  </testcase>
  <testcase name="read_returnsImmutableList(Path)" classname="com.project.service.CsvReaderServiceTest" time="0.001">
    <system-out><![CDATA[00:54:38.796 [main] INFO  c.project.service.CsvReaderService - Loaded 1 stock identifiers from stock_identifiers.csv
00:54:38.796 [main] INFO  c.project.service.CsvReaderService - Loaded 1 price records from stock_prices.csv
]]></system-out>
  </testcase>
  <testcase name="normaliseId_trimWhitespace" classname="com.project.service.CsvReaderServiceTest" time="0.001"/>
  <testcase name="readIdentifiers_skipsEmptySymbol(Path)" classname="com.project.service.CsvReaderServiceTest" time="0.001">
    <system-out><![CDATA[00:54:38.797 [main] WARN  c.project.service.CsvReaderService - Skipping incomplete identifier row #1: CSVRecord [comment='null', recordNumber=1, values=[99, Unknown, ]]
]]></system-out>
  </testcase>
</testsuite>