<?xml version="1.0" encoding="UTF-8"?>
<testsuite xmlns:xsi="http://www.w3.org/2001/XMLSchema-instance" xsi:noNamespaceSchemaLocation="https://maven.apache.org/surefire/maven-surefire-plugin/xsd/surefire-test-report-3.0.xsd" version="3.0" name="com.project.service.DatabaseLoaderServiceTest" time="0.011" tests="8" errors="0" skipped="0" failures="0">
  <properties>
[...]
</properties>
  <testcase name="normaliseId_stripsCommas" classname="com.project.service.DatabaseLoaderServiceTest" time="0.001"/>
  <testcase name="parsePrices_skipsMalformedRows(Path)" classname="com.project.service.DatabaseLoaderServiceTest" time="0.002">
    <system-out><![CDATA[01:12:07.366 [main] WARN  c.p.service.DatabaseLoaderService - Skipping malformed price row #1: Cannot parse decimal 'INVALID' at row 1
01:12:07.366 [main] INFO  c.p.service.DatabaseLoaderService - Parsed 1 price rows, 1 skipped from prices.csv
]]></system-out>
  </testcase>
  <testcase name="normaliseId_trimsWhitespace" classname="com.project.service.DatabaseLoaderServiceTest" time="0.0"/>
  <testcase name="parseIdentifiers_skipsBlankSymbol(Path)" classname="com.project.service.DatabaseLoaderServiceTest" time="0.001">
    <system-out><![CDATA[01:12:07.368 [main] WARN  c.p.service.DatabaseLoaderService - Skipping incomplete identifier row #1
01:12:07.368 [main] INFO  c.p.service.DatabaseLoaderService - Parsed 1 identifier rows, 1 skipped from ids.csv
]]></system-out>
  </testcase>
  <testcase name="parseIdentifiers_upcasesSymbol(Path)" classname="com.project.service.DatabaseLoaderServiceTest" time="0.001">
    <system-out><![CDATA[01:12:07.369 [main] INFO  c.p.service.DatabaseLoaderService - Parsed 1 identifier rows, 0 skipped from ids.csv
]]></system-out>
  </testcase>
  <testcase name="parseIdentifiers_parsesAllRows(Path)" classname="com.project.service.DatabaseLoaderServiceTest" time="0.001">
    <system-out><![CDATA[01:12:07.370 [main] INFO  c.p.service.DatabaseLoaderService - Parsed 3 identifier rows, 0 skipped from stock_identifiers.csv
]]></system-out>
  </testcase>
  <testcase name="parsePrices_parsesAllColumns(Path)" classname="com.project.service.DatabaseLoaderServiceTest" time="0.001">
    <system-out><![CDATA[01:12:07.371 [main] INFO  c.p.service.DatabaseLoaderService - Parsed 2 price rows, 0 skipped from stock_prices.csv
]]></system-out>
  </testcase>
  <testcase name="parsePrices_stripsCommasFromPrices(Path)" classname="com.project.service.DatabaseLoaderServiceTest" time="0.002">
    <system-out><![CDATA[01:12:07.374 [main] INFO  c.p.service.DatabaseLoaderService - Parsed 1 price rows, 0 skipped from prices.csv
]]></system-out>
  </testcase>
</testsuite>