<?xml version="1.0" encoding="UTF-8"?>
<testsuite xmlns:xsi="http://www.w3.org/2001/XMLSchema-instance" xsi:noNamespaceSchemaLocation="https://maven.apache.org/surefire/maven-surefire-plugin/xsd/surefire-test-report-3.0.xsd" version="3.0" name="com.project.service.PerformanceCalculatorTest" time="0.012" tests="12" errors="0" skipped="0" failures="0">
  <properties>
[...]
</properties>
  <testcase name="calculate_skipsSymbolWithFewRecords" classname="com.project.service.PerformanceCalculatorTest" time="0.001">
    <system-out><![CDATA[00:49:07.254 [main] WARN  c.p.service.PerformanceCalculator - Symbol 'AAPL' has only 3 records — need at least 6 for interval 5. Skipping.
00:49:07.254 [main] INFO  c.p.service.PerformanceCalculator - Calculated 0 performance records for interval=5.
]]></system-out>
  </testcase>
  <testcase name="calculate_returnsImmutableList" classname="com.project.service.PerformanceCalculatorTest" time="0.0">
    <system-out><![CDATA[00:49:07.255 [main] INFO  c.p.service.PerformanceCalculator - Calculated 2 performance records for interval=1.
]]></system-out>
  </testcase>
  <testcase name="calculate_resultSorted" classname="com.project.service.PerformanceCalculatorTest" time="0.001">
    <system-out><![CDATA[00:49:07.256 [main] INFO  c.p.service.PerformanceCalculator - Calculated 4 performance records for interval=1.
]]></system-out>
  </testcase>
  <testcase name="calculate_throwsOnNonPositiveInterval" classname="com.project.service.PerformanceCalculatorTest" time="0.001"/>
  <testcase name="computePercentage_unchanged" classname="com.project.service.PerformanceCalculatorTest" time="0.0"/>
  <testcase name="calculate_multipleSymbols" classname="com.project.service.PerformanceCalculatorTest" time="0.001">
    <system-out><![CDATA[00:49:07.259 [main] INFO  c.p.service.PerformanceCalculator - Calculated 8 performance records for interval=1.
]]></system-out>
  </testcase>
  <testcase name="computePercentage_zeroPrevious" classname="com.project.service.PerformanceCalculatorTest" time="0.0">
    <system-out><![CDATA[00:49:07.260 [main] WARN  c.p.service.PerformanceCalculator - Previous price is zero — returning 0 performance.
]]></system-out>
  </testcase>
  <testcase name="calculate_correctValueInterval3" classname="com.project.service.PerformanceCalculatorTest" time="0.001">
    <system-out><![CDATA[00:49:07.260 [main] INFO  c.p.service.PerformanceCalculator - Calculated 2 performance records for interval=3.
]]></system-out>
  </testcase>
  <testcase name="computePercentage_gain" classname="com.project.service.PerformanceCalculatorTest" time="0.001"/>
  <testcase name="computePercentage_loss" classname="com.project.service.PerformanceCalculatorTest" time="0.0"/>
  <testcase name="calculate_recordCount" classname="com.project.service.PerformanceCalculatorTest" time="0.0">
    <system-out><![CDATA[00:49:07.263 [main] INFO  c.p.service.PerformanceCalculator - Calculated 4 performance records for interval=1.
]]></system-out>
  </testcase>
  <testcase name="calculate_throwsOnNullPrices" classname="com.project.service.PerformanceCalculatorTest" time="0.001"/>
</testsuite>